[0m11:21:17.131638 [debug] [MainThread]: Sending event: {'category': 'dbt', 'action': 'invocation', 'label': 'start', 'context': [<snowplow_tracker.self_describing_json.SelfDescribingJson object at 0x000001BF87960700>, <snowplow_tracker.self_describing_json.SelfDescribingJson object at 0x000001BF898C82E0>, <snowplow_tracker.self_describing_json.SelfDescribingJson object at 0x000001BF898C8040>]}


============================== 11:21:17.131638 | bd60868a-81c0-4eec-9534-3226d7cef5f1 ==============================
[0m11:21:17.131638 [info ] [MainThread]: Running with dbt=1.10.2
[0m11:21:17.147840 [debug] [MainThread]: running dbt with arguments {'printer_width': '80', 'indirect_selection': 'eager', 'log_cache_events': 'False', 'write_json': 'True', 'partial_parse': 'True', 'cache_selected_only': 'False', 'profiles_dir': 'C:\\Users\\supre\\.dbt', 'debug': 'False', 'fail_fast': 'False', 'log_path': 'logs', 'version_check': 'True', 'warn_error': 'None', 'use_colors': 'True', 'use_experimental_parser': 'False', 'no_print': 'None', 'quiet': 'False', 'empty': 'None', 'log_format': 'default', 'static_parser': 'True', 'introspect': 'True', 'warn_error_options': 'WarnErrorOptionsV2(error=[], warn=[], silence=[])', 'target_path': 'None', 'invocation_command': 'dbt init', 'send_anonymous_usage_stats': 'True'}
[0m11:22:16.798631 [debug] [MainThread]: Starter project path: C:\Deepika\dbt\virtual_environment\lib\site-packages\dbt\include\starter_project
[0m11:22:16.846731 [info ] [MainThread]: 
Your new dbt project "dbt_learning" was created!

For more information on how to configure the profiles.yml file,
please consult the dbt documentation here:

  https://docs.getdbt.com/docs/configure-your-profile

One more thing:

Need help? Don't hesitate to reach out to us via GitHub issues or on Slack:

  https://community.getdbt.com/

Happy modeling!

[0m11:22:16.846731 [info ] [MainThread]: Setting up your profile.
[0m11:26:28.139737 [info ] [MainThread]: Profile dbt_learning written to C:\Users\supre\.dbt\profiles.yml using target's profile_template.yml and your supplied values. Run 'dbt debug' to validate the connection.
[0m11:26:28.139737 [debug] [MainThread]: Command `dbt init` succeeded at 11:26:28.139737 after 311.13 seconds
[0m11:26:28.139737 [debug] [MainThread]: Sending event: {'category': 'dbt', 'action': 'invocation', 'label': 'end', 'context': [<snowplow_tracker.self_describing_json.SelfDescribingJson object at 0x000001BF87960700>, <snowplow_tracker.self_describing_json.SelfDescribingJson object at 0x000001BF898C82E0>, <snowplow_tracker.self_describing_json.SelfDescribingJson object at 0x000001BF898C8070>]}
[0m11:26:28.139737 [debug] [MainThread]: Flushing usage events
[0m11:26:28.561638 [debug] [MainThread]: An error was encountered while trying to flush usage events
